Running php-build composer
WARNING! Your password will be stored unencrypted in /home/runner/.docker/config.json.
Configure a credential helper to remove this warning. See
https://docs.docker.com/engine/reference/commandline/login/#credentials-store

Login Succeeded
Pulling docker.pkg.github.com/collectiveaccess/providence/php-actions_composer_providence:php-8.2-gd-zip-intl-bcmath-build2.1.0
php-8.2-gd-zip-intl-bcmath-build2.1.0: Pulling from collectiveaccess/providence/php-actions_composer_providence
38a8310d387e: Pulling fs layer
31474dbbfe18: Pulling fs layer
6bccf7e72be3: Pulling fs layer
911245a5ac6c: Pulling fs layer
4554d00b1084: Pulling fs layer
71dbed931a1d: Pulling fs layer
c6d3fe04eb46: Pulling fs layer
b0f894cda94f: Pulling fs layer
dd65cb983deb: Pulling fs layer
12bd076e39c5: Pulling fs layer
433cc4c42b7d: Pulling fs layer
56eeb460af8f: Pulling fs layer
911245a5ac6c: Waiting
4554d00b1084: Waiting
71dbed931a1d: Waiting
c6d3fe04eb46: Waiting
433cc4c42b7d: Waiting
b0f894cda94f: Waiting
56eeb460af8f: Waiting
dd65cb983deb: Waiting
12bd076e39c5: Waiting
6bccf7e72be3: Download complete
38a8310d387e: Verifying Checksum
38a8310d387e: Download complete
911245a5ac6c: Verifying Checksum
911245a5ac6c: Download complete
31474dbbfe18: Verifying Checksum
31474dbbfe18: Download complete
38a8310d387e: Pull complete
4554d00b1084: Verifying Checksum
4554d00b1084: Download complete
71dbed931a1d: Verifying Checksum
71dbed931a1d: Download complete
b0f894cda94f: Verifying Checksum
b0f894cda94f: Download complete
dd65cb983deb: Verifying Checksum
dd65cb983deb: Download complete
c6d3fe04eb46: Verifying Checksum
c6d3fe04eb46: Download complete
433cc4c42b7d: Verifying Checksum
433cc4c42b7d: Download complete
12bd076e39c5: Verifying Checksum
12bd076e39c5: Download complete
56eeb460af8f: Verifying Checksum
56eeb460af8f: Download complete
31474dbbfe18: Pull complete
6bccf7e72be3: Pull complete
911245a5ac6c: Pull complete
4554d00b1084: Pull complete
71dbed931a1d: Pull complete
c6d3fe04eb46: Pull complete
b0f894cda94f: Pull complete
dd65cb983deb: Pull complete
12bd076e39c5: Pull complete
433cc4c42b7d: Pull complete
56eeb460af8f: Pull complete
Digest: sha256:62d5008247ad3255a091076adcd137d741258046126efd24db61601758a1904e
Status: Downloaded newer image for docker.pkg.github.com/collectiveaccess/providence/php-actions_composer_providence:php-8.2-gd-zip-intl-bcmath-build2.1.0
docker.pkg.github.com/collectiveaccess/providence/php-actions_composer_providence:php-8.2-gd-zip-intl-bcmath-build2.1.0
Docker tag: docker.pkg.github.com/collectiveaccess/providence/php-actions_composer_providence:php-8.2-gd-zip-intl-bcmath-build2.1.0
No private keys supplied
Command: composer install --no-progress --no-interaction
Skipping env variable PWD
Skipping env variable HOME
Skipping env variable SHLVL
Skipping env variable PATH
